This is pdfTeX, Version 3.14159265-2.6-1.40.20 (TeX Live 2019/Debian) (preloaded format=latex 2021.12.18)  18 DEC 2021 23:09
entering extended mode
 restricted \write18 enabled.
 %&-line parsing enabled.
**out/VeriCrypt2021/vericrypt-fstar-overview-math-plain.tex
(./out/VeriCrypt2021/vericrypt-fstar-overview-math-plain.tex
LaTeX2e <2020-02-02> patch level 2
L3 programming layer <2020-02-14> (/usr/share/texlive/texmf-dist/tex/latex/base/book.cls
Document Class: book 2019/12/20 v1.4l Standard LaTeX document class
(/usr/share/texlive/texmf-dist/tex/latex/base/bk10.clo
File: bk10.clo 2019/12/20 v1.4l Standard LaTeX file (size option)
)
\c@part=\count167
\c@chapter=\count168
\c@section=\count169
\c@subsection=\count170
\c@subsubsection=\count171
\c@paragraph=\count172
\c@subparagraph=\count173
\c@figure=\count174
\c@table=\count175
\abovecaptionskip=\skip47
\belowcaptionskip=\skip48
\bibindent=\dimen134
) (out/VeriCrypt2021/madoko2.sty (/usr/share/texlive/texmf-dist/tex/latex/colortbl/colortbl.sty
Package: colortbl 2020/01/04 v1.0e Color table columns (DPC)
(/usr/share/texlive/texmf-dist/tex/latex/tools/array.sty
Package: array 2019/08/31 v2.4l Tabular extension package (FMi)
\col@sep=\dimen135
\ar@mcellbox=\box45
\extrarowheight=\dimen136
\NC@list=\toks14
\extratabsurround=\skip49
\backup@length=\skip50
\ar@cellbox=\box46
) (/usr/share/texlive/texmf-dist/tex/latex/graphics/color.sty
Package: color 2019/11/23 v1.2a Standard LaTeX Color (DPC)
(/usr/share/texlive/texmf-dist/tex/latex/graphics-cfg/color.cfg
File: color.cfg 2016/01/02 v1.6 sample color configuration
)
Package color Info: Driver file: dvips.def on input line 147.
(/usr/share/texlive/texmf-dist/tex/latex/graphics-def/dvips.def
File: dvips.def 2017/06/20 v3.1d Graphics/color driver for dvips
) (/usr/share/texlive/texmf-dist/tex/latex/graphics/dvipsnam.def
File: dvipsnam.def 2016/06/17 v3.0m Driver-dependent file (DPC,SPQR)
))
\everycr=\toks15
\minrowclearance=\skip51
) (/usr/share/texlive/texmf-dist/tex/latex/xcolor/xcolor.sty
Package: xcolor 2016/05/11 v2.12 LaTeX color extensions (UK)
(/usr/share/texlive/texmf-dist/tex/latex/graphics-cfg/color.cfg
File: color.cfg 2016/01/02 v1.6 sample color configuration
)
Package xcolor Info: Driver file: dvips.def on input line 225.
LaTeX Info: Redefining \color on input line 709.
Package xcolor Info: Model `cmy' substituted by `cmy0' on input line 1348.
Package xcolor Info: Model `RGB' extended on input line 1364.
Package xcolor Info: Model `HTML' substituted by `rgb' on input line 1366.
Package xcolor Info: Model `Hsb' substituted by `hsb' on input line 1367.
Package xcolor Info: Model `tHsb' substituted by `hsb' on input line 1368.
Package xcolor Info: Model `HSB' substituted by `hsb' on input line 1369.
Package xcolor Info: Model `Gray' substituted by `gray' on input line 1370.
Package xcolor Info: Model `wave' substituted by `hsb' on input line 1371.
) (out/VeriCrypt2021/options.sty
Package: options 2015/03/01, Daan Leijen, Provides convenient path-value (or key-value) options
(/usr/share/texlive/texmf-dist/tex/latex/etoolbox/etoolbox.sty
Package: etoolbox 2019/09/21 v2.5h e-TeX tools for LaTeX (JAW)
\etb@tempcnta=\count176
)
\opt@nesting=\count177
\opt@idx=\count178
\opt@choiceord=\count179
) (/usr/share/texlive/texmf-dist/tex/generic/iftex/iftex.sty
Package: iftex 2019/11/07 v1.0c TeX engine tests
) (/usr/share/texlive/texmf-dist/tex/latex/graphics/graphicx.sty
Package: graphicx 2019/11/30 v1.2a Enhanced LaTeX Graphics (DPC,SPQR)
(/usr/share/texlive/texmf-dist/tex/latex/graphics/keyval.sty
Package: keyval 2014/10/28 v1.15 key=value parser (DPC)
\KV@toks@=\toks16
) (/usr/share/texlive/texmf-dist/tex/latex/graphics/graphics.sty
Package: graphics 2019/11/30 v1.4a Standard LaTeX Graphics (DPC,SPQR)
(/usr/share/texlive/texmf-dist/tex/latex/graphics/trig.sty
Package: trig 2016/01/03 v1.10 sin cos tan (DPC)
) (/usr/share/texlive/texmf-dist/tex/latex/graphics-cfg/graphics.cfg
File: graphics.cfg 2016/06/04 v1.11 sample graphics configuration
)
Package graphics Info: Driver file: dvips.def on input line 105.
)
\Gin@req@height=\dimen137
\Gin@req@width=\dimen138
) (out/VeriCrypt2021/longfbox.sty
Package: longfbox 2015/12/01, Daan Leijen, Provides long fbox that can break over pages
(out/VeriCrypt2021/longbox.sty
Package: longbox 2015/12/01, Daan Leijen, Provides basic longbox that can break over pages
(/usr/share/texlive/texmf-dist/tex/latex/mdwtools/footnote.sty
Package: footnote 1997/01/28 1.13 Save footnotes around boxes
\fn@notes=\box47
\fn@width=\dimen139
)
\lb@prevdepth=\skip52
\lb@freevspace=\skip53
\lb@headbox=\box48
\lb@savebox=\box49
\lb@mainbox=\box50
\lb@usevbox=\count180
\lb@width=\skip54
\lb@height=\skip55
\lb@skiptop=\skip56
\lb@skipright=\skip57
\lb@skipbottom=\skip58
\lb@skipleft=\skip59
\lb@skipbreaktop=\skip60
\lb@skipbreakbottom=\skip61
\lb@outerwidth=\skip62
\lb@extrasplit=\skip63
\lb@textalign=\count181
\lb@baseline=\count182
\lb@neededvspace=\skip64
\lb@splitheight=\skip65
\lb@insurance=\skip66
\/longbox/@part-height=\skip67
\/longbox/@part-width=\skip68
\/longbox/@part-depth=\skip69
\/longbox/@content-box-height=\skip70
\/longbox/@content-box-width=\skip71
\/longbox/@content-box-depth=\skip72
\/longbox/@breakat-previous=\skip73
\/longbox/@lower=\skip74
\/longbox/split-minimum=\skip75
\/longbox/split-badness=\skip76
\/longbox/raise=\skip77
\/longbox/height=\skip78
\/longbox/width=\skip79
\/longbox/outer-height=\skip80
\/longbox/outer-width=\skip81
\/longbox/skip-top=\skip82
\/longbox/skip-right=\skip83
\/longbox/skip-bottom=\skip84
\/longbox/skip-left=\skip85
\/longbox/skip-break-bottom=\skip86
\/longbox/skip-break-top=\skip87
) (/usr/share/texlive/texmf-dist/tex/latex/pict2e/pict2e.sty
Package: pict2e 2019/08/20 v0.3c Improved picture commands (HjG,RN,JT)
(/usr/share/texlive/texmf-dist/tex/latex/pict2e/pict2e.cfg
File: pict2e.cfg 2016/02/05 v0.1u pict2e configuration for teTeX/TeXLive
)
Package pict2e Info: Driver file: dvips.def on input line 119.
Package pict2e Info: Driver file for pict2e: p2e-dvips.def on input line 121.
(/usr/share/texlive/texmf-dist/tex/latex/pict2e/p2e-dvips.def
File: p2e-dvips.def 2016/02/05 v0.1u Driver-dependant file (RN,HjG,JT)
)
\pIIe@GRAPH=\toks17
\@arclen=\dimen140
\@arcrad=\dimen141
\@tempdimd=\dimen142
) (out/VeriCrypt2021/ellipse.sty
Package: ellipse 2004/11/05 v1.0 .dtx ellipse file
)
\fbox@oct=\count183
\fbox@quad=\count184
\fbox@diaq=\count185
\fbox@sign=\count186
\fbox@anglestart=\skip88
\fbox@angleend=\skip89
\fbox@dash=\skip90
\fbox@dashskip=\skip91
\fbox@anglecur=\skip92
\fbox@dashangle=\skip93
\fbox@dashskipangle=\skip94
\fbox@delta=\skip95
\fbox@from=\skip96
\fbox@to=\skip97
\/fbox/padding-top=\skip98
\/fbox/padding-right=\skip99
\/fbox/padding-bottom=\skip100
\/fbox/padding-left=\skip101
\/fbox/padding-break-top=\skip102
\/fbox/padding-break-bottom=\skip103
\/fbox/margin-top=\skip104
\/fbox/margin-right=\skip105
\/fbox/margin-bottom=\skip106
\/fbox/margin-left=\skip107
\/fbox/margin-break-top=\skip108
\/fbox/margin-break-bottom=\skip109
\/fbox/border-top-width=\skip110
\/fbox/border-right-width=\skip111
\/fbox/border-bottom-width=\skip112
\/fbox/border-left-width=\skip113
\/fbox/border-break-top-width=\skip114
\/fbox/border-break-bottom-width=\skip115
\/fbox/@lower=\skip116
\/fbox/@padding-box-height=\skip117
\/fbox/@padding-box-depth=\skip118
\/fbox/@padding-box-width=\skip119
\/fbox/@border-box-width=\skip120
\/fbox/@border-box-height=\skip121
\/fbox/@border-box-depth=\skip122
\/fbox/@border-top-left-radius-x=\skip123
\/fbox/@border-top-right-radius-x=\skip124
\/fbox/@border-bottom-left-radius-x=\skip125
\/fbox/@border-bottom-right-radius-x=\skip126
\/fbox/@border-top-left-radius-y=\skip127
\/fbox/@border-top-right-radius-y=\skip128
\/fbox/@border-bottom-left-radius-y=\skip129
\/fbox/@border-bottom-right-radius-y=\skip130
\/fbox/@border-top-left-ix=\skip131
\/fbox/@border-top-left-iy=\skip132
\/fbox/@border-top-right-ix=\skip133
\/fbox/@border-top-right-iy=\skip134
\/fbox/@border-bottom-left-ix=\skip135
\/fbox/@border-bottom-left-iy=\skip136
\/fbox/@border-bottom-right-ix=\skip137
\/fbox/@border-bottom-right-iy=\skip138
\/fbox/@border-top-left-phi=\skip139
\/fbox/@border-top-right-phi=\skip140
\/fbox/@border-bottom-left-phi=\skip141
\/fbox/@border-bottom-right-phi=\skip142
) (/usr/share/texlive/texmf-dist/tex/latex/amsmath/amsmath.sty
Package: amsmath 2020/01/20 v2.17e AMS math features
\@mathmargin=\skip143
For additional information on amsmath, use the `?' option.
(/usr/share/texlive/texmf-dist/tex/latex/amsmath/amstext.sty
Package: amstext 2000/06/29 v2.01 AMS text
(/usr/share/texlive/texmf-dist/tex/latex/amsmath/amsgen.sty
File: amsgen.sty 1999/11/30 v2.0 generic functions
\@emptytoks=\toks18
\ex@=\dimen143
)) (/usr/share/texlive/texmf-dist/tex/latex/amsmath/amsbsy.sty
Package: amsbsy 1999/11/29 v1.2d Bold Symbols
\pmbraise@=\dimen144
) (/usr/share/texlive/texmf-dist/tex/latex/amsmath/amsopn.sty
Package: amsopn 2016/03/08 v2.02 operator names
)
\inf@bad=\count187
LaTeX Info: Redefining \frac on input line 227.
\uproot@=\count188
\leftroot@=\count189
LaTeX Info: Redefining \overline on input line 389.
\classnum@=\count190
\DOTSCASE@=\count191
LaTeX Info: Redefining \ldots on input line 486.
LaTeX Info: Redefining \dots on input line 489.
LaTeX Info: Redefining \cdots on input line 610.
\Mathstrutbox@=\box51
\strutbox@=\box52
\big@size=\dimen145
LaTeX Font Info:    Redeclaring font encoding OML on input line 733.
LaTeX Font Info:    Redeclaring font encoding OMS on input line 734.
\macc@depth=\count192
\c@MaxMatrixCols=\count193
\dotsspace@=\muskip16
\c@parentequation=\count194
\dspbrk@lvl=\count195
\tag@help=\toks19
\row@=\count196
\column@=\count197
\maxfields@=\count198
\andhelp@=\toks20
\eqnshift@=\dimen146
\alignsep@=\dimen147
\tagshift@=\dimen148
\tagwidth@=\dimen149
\totwidth@=\dimen150
\lineht@=\dimen151
\@envbody=\toks21
\multlinegap=\skip144
\multlinetaggap=\skip145
\mathdisplay@stack=\toks22
LaTeX Info: Redefining \[ on input line 2859.
LaTeX Info: Redefining \] on input line 2860.
) (/usr/share/texlive/texmf-dist/tex/latex/amsfonts/amsfonts.sty
Package: amsfonts 2013/01/14 v3.01 Basic AMSFonts support
\symAMSa=\mathgroup4
\symAMSb=\mathgroup5
LaTeX Font Info:    Redeclaring math symbol \hbar on input line 98.
LaTeX Font Info:    Overwriting math alphabet `\mathfrak' in version `bold'
(Font)                  U/euf/m/n --> U/euf/b/n on input line 106.
) (/usr/share/texlive/texmf-dist/tex/latex/amsfonts/amssymb.sty
Package: amssymb 2013/01/14 v3.01 AMS font symbols
) (/usr/share/texlive/texmf-dist/tex/latex/stmaryrd/stmaryrd.sty
Package: stmaryrd 1994/03/03 St Mary's Road symbol package
\symstmry=\mathgroup6
LaTeX Font Info:    Overwriting symbol font `stmry' in version `bold'
(Font)                  U/stmry/m/n --> U/stmry/b/n on input line 89.
) (/usr/share/texlive/texmf-dist/tex/latex/base/textcomp.sty
Package: textcomp 2020/02/02 v2.0n Standard LaTeX package
) (/usr/share/texlive/texmf-dist/tex/latex/psnfss/pifont.sty
Package: pifont 2005/04/12 PSNFSS-v9.2a Pi font support (SPQR) 
LaTeX Font Info:    Trying to load font information for U+pzd on input line 63.
(/usr/share/texlive/texmf-dist/tex/latex/psnfss/upzd.fd
File: upzd.fd 2001/06/04 font definitions for U/pzd.
)
LaTeX Font Info:    Trying to load font information for U+psy on input line 64.
(/usr/share/texlive/texmf-dist/tex/latex/psnfss/upsy.fd
File: upsy.fd 2001/06/04 font definitions for U/psy.
)) (/usr/share/texlive/texmf-dist/tex/latex/hyperref/hyperref.sty
Package: hyperref 2020/01/14 v7.00d Hypertext links for LaTeX
(/usr/share/texlive/texmf-dist/tex/generic/ltxcmds/ltxcmds.sty
Package: ltxcmds 2019/12/15 v1.24 LaTeX kernel commands for general use (HO)
) (/usr/share/texlive/texmf-dist/tex/latex/pdftexcmds/pdftexcmds.sty
Package: pdftexcmds 2019/11/24 v0.31 Utility functions of pdfTeX for LuaTeX (HO)
(/usr/share/texlive/texmf-dist/tex/generic/infwarerr/infwarerr.sty
Package: infwarerr 2019/12/03 v1.5 Providing info/warning/error messages (HO)
)
Package pdftexcmds Info: \pdf@primitive is available.
Package pdftexcmds Info: \pdf@ifprimitive is available.
Package pdftexcmds Info: \pdfdraftmode is ignored in DVI mode.
) (/usr/share/texlive/texmf-dist/tex/generic/kvsetkeys/kvsetkeys.sty
Package: kvsetkeys 2019/12/15 v1.18 Key value parser (HO)
) (/usr/share/texlive/texmf-dist/tex/generic/kvdefinekeys/kvdefinekeys.sty
Package: kvdefinekeys 2019-12-19 v1.6 Define keys (HO)
) (/usr/share/texlive/texmf-dist/tex/generic/pdfescape/pdfescape.sty
Package: pdfescape 2019/12/09 v1.15 Implements pdfTeX's escape features (HO)
) (/usr/share/texlive/texmf-dist/tex/latex/hycolor/hycolor.sty
Package: hycolor 2020-01-27 v1.10 Color options for hyperref/bookmark (HO)
) (/usr/share/texlive/texmf-dist/tex/latex/letltxmacro/letltxmacro.sty
Package: letltxmacro 2019/12/03 v1.6 Let assignment for LaTeX macros (HO)
) (/usr/share/texlive/texmf-dist/tex/latex/auxhook/auxhook.sty
Package: auxhook 2019-12-17 v1.6 Hooks for auxiliary files (HO)
) (/usr/share/texlive/texmf-dist/tex/latex/kvoptions/kvoptions.sty
Package: kvoptions 2019/11/29 v3.13 Key value format for package options (HO)
)
\@linkdim=\dimen152
\Hy@linkcounter=\count199
\Hy@pagecounter=\count266
(/usr/share/texlive/texmf-dist/tex/latex/hyperref/pd1enc.def
File: pd1enc.def 2020/01/14 v7.00d Hyperref: PDFDocEncoding definition (HO)
Now handling font encoding PD1 ...
... no UTF-8 mapping file for font encoding PD1
) (/usr/share/texlive/texmf-dist/tex/generic/intcalc/intcalc.sty
Package: intcalc 2019/12/15 v1.3 Expandable calculations with integers (HO)
) (/usr/share/texlive/texmf-dist/tex/generic/etexcmds/etexcmds.sty
Package: etexcmds 2019/12/15 v1.7 Avoid name clashes with e-TeX commands (HO)
)
\Hy@SavedSpaceFactor=\count267
\pdfmajorversion=\count268
Package hyperref Info: Hyper figures OFF on input line 4547.
Package hyperref Info: Link nesting OFF on input line 4552.
Package hyperref Info: Hyper index ON on input line 4555.
Package hyperref Info: Plain pages OFF on input line 4562.
Package hyperref Info: Backreferencing OFF on input line 4567.
Package hyperref Info: Implicit mode ON; LaTeX internals redefined.
Package hyperref Info: Bookmarks ON on input line 4800.
\c@Hy@tempcnt=\count269
(/usr/share/texlive/texmf-dist/tex/latex/url/url.sty
\Urlmuskip=\muskip17
Package: url 2013/09/16  ver 3.4  Verb mode for urls, etc.
)
LaTeX Info: Redefining \url on input line 5159.
\XeTeXLinkMargin=\dimen153
(/usr/share/texlive/texmf-dist/tex/generic/bitset/bitset.sty
Package: bitset 2019/12/09 v1.3 Handle bit-vector datatype (HO)
(/usr/share/texlive/texmf-dist/tex/generic/bigintcalc/bigintcalc.sty
Package: bigintcalc 2019/12/15 v1.5 Expandable calculations on big integers (HO)
))
\Fld@menulength=\count270
\Field@Width=\dimen154
\Fld@charsize=\dimen155
Package hyperref Info: Hyper figures OFF on input line 6430.
Package hyperref Info: Link nesting OFF on input line 6435.
Package hyperref Info: Hyper index ON on input line 6438.
Package hyperref Info: backreferencing OFF on input line 6445.
Package hyperref Info: Link coloring OFF on input line 6450.
Package hyperref Info: Link coloring with OCG OFF on input line 6455.
Package hyperref Info: PDF/A mode OFF on input line 6460.
LaTeX Info: Redefining \ref on input line 6500.
LaTeX Info: Redefining \pageref on input line 6504.
(/usr/share/texlive/texmf-dist/tex/generic/atbegshi/atbegshi.sty
Package: atbegshi 2019/12/05 v1.19 At begin shipout hook (HO)
)
\Hy@abspage=\count271
\c@Item=\count272
\c@Hfootnote=\count273
)
Package hyperref Info: Driver (default): hdvips.
(/usr/share/texlive/texmf-dist/tex/latex/hyperref/hdvips.def
File: hdvips.def 2020/01/14 v7.00d Hyperref driver for dvips
(/usr/share/texlive/texmf-dist/tex/latex/hyperref/pdfmark.def
File: pdfmark.def 2020/01/14 v7.00d Hyperref definitions for pdfmark specials
\pdf@docset=\toks23
\pdf@box=\box53
\pdf@toks=\toks24
\pdf@defaulttoks=\toks25
\HyField@AnnotCount=\count274
\Fld@listcount=\count275
\c@bookmark@seq@number=\count276
(/usr/share/texlive/texmf-dist/tex/latex/rerunfilecheck/rerunfilecheck.sty
Package: rerunfilecheck 2019/12/05 v1.9 Rerun checks for auxiliary files (HO)
(/usr/share/texlive/texmf-dist/tex/latex/atveryend/atveryend.sty
Package: atveryend 2019-12-11 v1.11 Hooks at the very end of document (HO)
) (/usr/share/texlive/texmf-dist/tex/generic/uniquecounter/uniquecounter.sty
Package: uniquecounter 2019/12/15 v1.4 Provide unlimited unique counter (HO)
)
Package uniquecounter Info: New unique counter `rerunfilecheck' on input line 286.
)
\Hy@SectionHShift=\skip146
)) (/usr/share/texlive/texmf-dist/tex/latex/bookmark/bookmark.sty
Package: bookmark 2019/12/03 v1.28 PDF bookmarks (HO)
(/usr/share/texlive/texmf-dist/tex/latex/bookmark/bkm-dvips.def
File: bkm-dvips.def 2019/12/03 v1.28 bookmark driver for dvips (HO)
\BKM@id=\count277
))
Package hyperref Info: Option `colorlinks' set `true' on input line 88.
\px=\skip147
\c@md@targetcount=\count278
\mdcompactskip=\skip148
\mdcompacttopsep=\skip149
\dim@rem=\skip150
\dim@ch=\skip151
\md@height=\skip152
\dim@marginbottom=\skip153
\dim@paddingbottom=\skip154
\md@interaction=\count279
\mddefinitionsskip=\skip155
\md@captionlen=\skip156
\mdtoclevel=\count280
\c@mdtoclevelbold=\count281
\c@mdtocleveldots=\count282
\mdtocskip=\skip157
\mdpreskip=\skip158
\presp=\skip159
\md@postskip=\skip160
\ppresp=\skip161
\md@thmcaption=\box54
\md@defaultcolwidth=\skip162
\mdtabularskip=\skip163
\mdbibindentunit=\skip164
\c@md@authorcount=\count283
\c@mdx@authorcount=\count284
\c@@mdTargetCount=\count285
\@snippetBox=\box55
\@snippetWidth=\skip165
\@snippetHeight=\skip166
\@snippetDepth=\skip167
\c@snippets=\count286
) (/usr/share/texlive/texmf-dist/tex/generic/xypic/xypic.sty (/usr/share/texlive/texmf-dist/tex/generic/xypic/xy.sty (/usr/share/texlive/texmf-dist/tex/generic/xypic/xy.tex Bootstrap'ing: catcodes, docmode, (/usr/share/texlive/texmf-dist/tex/generic/xypic/xyrecat.tex) (/usr/share/texlive/texmf-dist/tex/generic/xypic/xyidioms.tex)

 Xy-pic version 3.8.9 <2013/10/06>
 Copyright (c) 1991-2013 by Kristoffer H. Rose <krisrose@tug.org> and others
 Xy-pic is free software: see the User's Guide for details.

Loading kernel: messages; fonts; allocations: state,
\X@c=\dimen156
\Y@c=\dimen157
\U@c=\dimen158
\D@c=\dimen159
\L@c=\dimen160
\R@c=\dimen161
\Edge@c=\toks26
\X@p=\dimen162
\Y@p=\dimen163
\U@p=\dimen164
\D@p=\dimen165
\L@p=\dimen166
\R@p=\dimen167
\Edge@p=\toks27
\X@origin=\dimen168
\Y@origin=\dimen169
\X@xbase=\dimen170
\Y@xbase=\dimen171
\X@ybase=\dimen172
\Y@ybase=\dimen173
\X@min=\dimen174
\Y@min=\dimen175
\X@max=\dimen176
\Y@max=\dimen177
\lastobjectbox@=\box56
\zerodotbox@=\box57
\almostz@=\dimen178
direction,
\d@X=\dimen179
\d@Y=\dimen180
\K@=\count287
\KK@=\count288
\Direction=\count289
\K@dXdY=\dimen181
\K@dYdX=\dimen182
\xyread@=\read2
\xywrite@=\write3
\csp@=\count290
\quotPTK@=\dimen183
utility macros; pictures: \xy, positions,
\swaptoks@@=\toks28
\connectobjectbox@@=\box58
objects,
\styletoks@=\toks29
decorations; kernel objects: directionals, circles, text; options; algorithms: directions, edges, connections;  Xy-pic loaded) (/usr/share/texlive/texmf-dist/tex/generic/iftex/ifpdf.sty
Package: ifpdf 2019/10/25 v3.4 ifpdf legacy package. Use iftex instead.
)

LaTeX Warning: You have requested package `xypic',
               but the package provides `xy'.

Package: xy 2013/10/06 Xy-pic version 3.8.9
) (/usr/share/texlive/texmf-dist/tex/generic/xypic/xyv2.tex  Xy-pic option: Version 2 Compatibility v.3.8

Xy-pic Warning: `\merge' redefined.


Xy-pic Warning: `\stop' redefined.

(/usr/share/texlive/texmf-dist/tex/generic/xypic/xyframe.tex  Xy-pic option: Frame and Bracket extension v.3.14 loaded) (/usr/share/texlive/texmf-dist/tex/generic/xypic/xymatrix.tex  Xy-pic option: Matrix feature v.3.14
\Row=\count291
\Col=\count292
\queue@=\toks30
\queue@@=\toks31
\qcount@=\count293
\qcount@@=\count294
\matrixsize@=\count295
loaded) (/usr/share/texlive/texmf-dist/tex/generic/xypic/xyarrow.tex  Xy-pic option: Arrow and Path feature v.3.9 path, \ar, loaded) loaded)) (/usr/share/texlive/texmf-dist/tex/latex/l3backend/l3backend-dvips.def
File: l3backend-dvips.def 2020-02-03 L3 backend support: dvips
\l__pdf_internal_box=\box59
\g__pdf_backend_object_int=\count296
\l__pdf_backend_content_box=\box60
\l__pdf_backend_model_box=\box61
\g__pdf_backend_annotation_int=\count297
\g__pdf_backend_link_int=\count298
\g__pdf_backend_link_sf_int=\count299
) (out/VeriCrypt2021/vericrypt-fstar-overview-math-plain.aux)
\openout1 = `vericrypt-fstar-overview-math-plain.aux'.

LaTeX Font Info:    Checking defaults for OML/cmm/m/it on input line 28.
LaTeX Font Info:    ... okay on input line 28.
LaTeX Font Info:    Checking defaults for OMS/cmsy/m/n on input line 28.
LaTeX Font Info:    ... okay on input line 28.
LaTeX Font Info:    Checking defaults for OT1/cmr/m/n on input line 28.
LaTeX Font Info:    ... okay on input line 28.
LaTeX Font Info:    Checking defaults for T1/cmr/m/n on input line 28.
LaTeX Font Info:    ... okay on input line 28.
LaTeX Font Info:    Checking defaults for TS1/cmr/m/n on input line 28.
LaTeX Font Info:    ... okay on input line 28.
LaTeX Font Info:    Checking defaults for OMX/cmex/m/n on input line 28.
LaTeX Font Info:    ... okay on input line 28.
LaTeX Font Info:    Checking defaults for U/cmr/m/n on input line 28.
LaTeX Font Info:    ... okay on input line 28.
LaTeX Font Info:    Checking defaults for PD1/pdf/m/n on input line 28.
LaTeX Font Info:    ... okay on input line 28.
\AtBeginShipoutBox=\box62
Package hyperref Info: Link coloring ON on input line 28.
(/usr/share/texlive/texmf-dist/tex/latex/hyperref/nameref.sty
Package: nameref 2019/09/16 v2.46 Cross-referencing by name of section
(/usr/share/texlive/texmf-dist/tex/latex/refcount/refcount.sty
Package: refcount 2019/12/15 v3.6 Data extraction from label references (HO)
) (/usr/share/texlive/texmf-dist/tex/generic/gettitlestring/gettitlestring.sty
Package: gettitlestring 2019/12/15 v1.6 Cleanup title references (HO)
)
\c@section@level=\count300
)
LaTeX Info: Redefining \ref on input line 28.
LaTeX Info: Redefining \pageref on input line 28.
LaTeX Info: Redefining \nameref on input line 28.
\md@dimfile=\write4
\openout4 = `vericrypt-fstar-overview-math-plain.dim'.

LaTeX Font Info:    Trying to load font information for U+msa on input line 39.
(/usr/share/texlive/texmf-dist/tex/latex/amsfonts/umsa.fd
File: umsa.fd 2013/01/14 v3.01 AMS symbols A
)
LaTeX Font Info:    Trying to load font information for U+msb on input line 39.
(/usr/share/texlive/texmf-dist/tex/latex/amsfonts/umsb.fd
File: umsb.fd 2013/01/14 v3.01 AMS symbols B
)
LaTeX Font Info:    Trying to load font information for U+stmry on input line 39.
(/usr/share/texlive/texmf-dist/tex/latex/stmaryrd/Ustmry.fd) [1

] [2] [3] [4] [5] [6] [7] [8] [9] [10] [11] [12] [13] [14] [15] [16] [17] [18] [19] [20] [21] [22] [23] [24] [25] [26] [27] [28] [29] [30] [31] [32] [33] [34] [35] [36] [37] [38] [39] [40] [41] [42] [43] [44] [45] [46] [47] [48] [49] [50] [51] [52]
Package atveryend Info: Empty hook `BeforeClearDocument' on input line 197.
Package atveryend Info: Executing hook `AfterLastShipout' on input line 197.
\BKM@file=\write5
\openout5 = `vericrypt-fstar-overview-math-plain.out.ps'.

(out/VeriCrypt2021/vericrypt-fstar-overview-math-plain.aux)
Package atveryend Info: Empty hook `AtVeryEndDocument' on input line 197.
Package atveryend Info: Empty hook `AtEndAfterFileList' on input line 197.
 ) 
Here is how much of TeX's memory you used:
 12379 strings out of 481240
 218463 string characters out of 5920402
 512293 words of memory out of 5000000
 27447 multiletter control sequences out of 15000+600000
 536716 words of font info for 45 fonts, out of 8000000 for 9000
 1141 hyphenation exceptions out of 8191
 51i,5n,56p,883b,374s stack positions out of 5000i,500n,10000p,200000b,80000s

Output written on out/VeriCrypt2021/vericrypt-fstar-overview-math-plain.dvi (52 pages, 38404 bytes).
